[0.505s] Invoking command in '/root/ros2_ws/src/AutoFrontierSearch_ros2-humble/src/frontier_exploration': PYTHONPATH=/root/ros2_ws/src/AutoFrontierSearch_ros2-humble/src/frontier_exploration/build/frontier_exploration/prefix_override:/usr/lib/python3/dist-packages/colcon_core/task/python/colcon_distutils_commands:/root/ros2_ws/src/AutoFrontierSearch_ros2-humble/src/frontier_exploration/install/frontier_exploration/lib/python3.10/site-packages:${PYTHONPATH} /usr/bin/python3 -W ignore:setup.py install is deprecated -W ignore:easy_install command is deprecated setup.py egg_info --egg-base build/frontier_exploration build --build-base /root/ros2_ws/src/AutoFrontierSearch_ros2-humble/src/frontier_exploration/build/frontier_exploration/build install --record /root/ros2_ws/src/AutoFrontierSearch_ros2-humble/src/frontier_exploration/build/frontier_exploration/install.log --single-version-externally-managed install_data
[0.682s] running egg_info
[0.682s] writing build/frontier_exploration/frontier_exploration.egg-info/PKG-INFO
[0.683s] writing dependency_links to build/frontier_exploration/frontier_exploration.egg-info/dependency_links.txt
[0.683s] writing entry points to build/frontier_exploration/frontier_exploration.egg-info/entry_points.txt
[0.683s] writing requirements to build/frontier_exploration/frontier_exploration.egg-info/requires.txt
[0.683s] writing top-level names to build/frontier_exploration/frontier_exploration.egg-info/top_level.txt
[0.684s] reading manifest file 'build/frontier_exploration/frontier_exploration.egg-info/SOURCES.txt'
[0.685s] writing manifest file 'build/frontier_exploration/frontier_exploration.egg-info/SOURCES.txt'
[0.685s] running build
[0.685s] running build_py
[0.685s] copying frontier_exploration/algolism.py -> /root/ros2_ws/src/AutoFrontierSearch_ros2-humble/src/frontier_exploration/build/frontier_exploration/build/lib/frontier_exploration
[0.685s] running install
[0.685s] running install_lib
[0.686s] copying /root/ros2_ws/src/AutoFrontierSearch_ros2-humble/src/frontier_exploration/build/frontier_exploration/build/lib/frontier_exploration/algolism.py -> /root/ros2_ws/src/AutoFrontierSearch_ros2-humble/src/frontier_exploration/install/frontier_exploration/lib/python3.10/site-packages/frontier_exploration
[0.686s] byte-compiling /root/ros2_ws/src/AutoFrontierSearch_ros2-humble/src/frontier_exploration/install/frontier_exploration/lib/python3.10/site-packages/frontier_exploration/algolism.py to algolism.cpython-310.pyc
[0.688s] running install_data
[0.688s] running install_egg_info
[0.689s] removing '/root/ros2_ws/src/AutoFrontierSearch_ros2-humble/src/frontier_exploration/install/frontier_exploration/lib/python3.10/site-packages/frontier_exploration-0.0.0-py3.10.egg-info' (and everything under it)
[0.689s] Copying build/frontier_exploration/frontier_exploration.egg-info to /root/ros2_ws/src/AutoFrontierSearch_ros2-humble/src/frontier_exploration/install/frontier_exploration/lib/python3.10/site-packages/frontier_exploration-0.0.0-py3.10.egg-info
[0.690s] running install_scripts
[0.705s] Installing explorer script to /root/ros2_ws/src/AutoFrontierSearch_ros2-humble/src/frontier_exploration/install/frontier_exploration/lib/frontier_exploration
[0.705s] writing list of installed files to '/root/ros2_ws/src/AutoFrontierSearch_ros2-humble/src/frontier_exploration/build/frontier_exploration/install.log'
[0.720s] Invoked command in '/root/ros2_ws/src/AutoFrontierSearch_ros2-humble/src/frontier_exploration' returned '0': PYTHONPATH=/root/ros2_ws/src/AutoFrontierSearch_ros2-humble/src/frontier_exploration/build/frontier_exploration/prefix_override:/usr/lib/python3/dist-packages/colcon_core/task/python/colcon_distutils_commands:/root/ros2_ws/src/AutoFrontierSearch_ros2-humble/src/frontier_exploration/install/frontier_exploration/lib/python3.10/site-packages:${PYTHONPATH} /usr/bin/python3 -W ignore:setup.py install is deprecated -W ignore:easy_install command is deprecated setup.py egg_info --egg-base build/frontier_exploration build --build-base /root/ros2_ws/src/AutoFrontierSearch_ros2-humble/src/frontier_exploration/build/frontier_exploration/build install --record /root/ros2_ws/src/AutoFrontierSearch_ros2-humble/src/frontier_exploration/build/frontier_exploration/install.log --single-version-externally-managed install_data
