running egg_info
writing build/frontier_exploration/frontier_exploration.egg-info/PKG-INFO
writing dependency_links to build/frontier_exploration/frontier_exploration.egg-info/dependency_links.txt
writing entry points to build/frontier_exploration/frontier_exploration.egg-info/entry_points.txt
writing requirements to build/frontier_exploration/frontier_exploration.egg-info/requires.txt
writing top-level names to build/frontier_exploration/frontier_exploration.egg-info/top_level.txt
reading manifest file 'build/frontier_exploration/frontier_exploration.egg-info/SOURCES.txt'
writing manifest file 'build/frontier_exploration/frontier_exploration.egg-info/SOURCES.txt'
running build
running build_py
copying frontier_exploration/algolism.py -> /root/ros2_ws/src/AutoFrontierSearch_ros2-humble/src/frontier_exploration/build/frontier_exploration/build/lib/frontier_exploration
running install
running install_lib
copying /root/ros2_ws/src/AutoFrontierSearch_ros2-humble/src/frontier_exploration/build/frontier_exploration/build/lib/frontier_exploration/algolism.py -> /root/ros2_ws/src/AutoFrontierSearch_ros2-humble/src/frontier_exploration/install/frontier_exploration/lib/python3.10/site-packages/frontier_exploration
byte-compiling /root/ros2_ws/src/AutoFrontierSearch_ros2-humble/src/frontier_exploration/install/frontier_exploration/lib/python3.10/site-packages/frontier_exploration/algolism.py to algolism.cpython-310.pyc
running install_data
running install_egg_info
removing '/root/ros2_ws/src/AutoFrontierSearch_ros2-humble/src/frontier_exploration/install/frontier_exploration/lib/python3.10/site-packages/frontier_exploration-0.0.0-py3.10.egg-info' (and everything under it)
Copying build/frontier_exploration/frontier_exploration.egg-info to /root/ros2_ws/src/AutoFrontierSearch_ros2-humble/src/frontier_exploration/install/frontier_exploration/lib/python3.10/site-packages/frontier_exploration-0.0.0-py3.10.egg-info
running install_scripts
Installing explorer script to /root/ros2_ws/src/AutoFrontierSearch_ros2-humble/src/frontier_exploration/install/frontier_exploration/lib/frontier_exploration
writing list of installed files to '/root/ros2_ws/src/AutoFrontierSearch_ros2-humble/src/frontier_exploration/build/frontier_exploration/install.log'
