running egg_info
creating build/frontier_exploration/frontier_exploration.egg-info
writing build/frontier_exploration/frontier_exploration.egg-info/PKG-INFO
writing dependency_links to build/frontier_exploration/frontier_exploration.egg-info/dependency_links.txt
writing entry points to build/frontier_exploration/frontier_exploration.egg-info/entry_points.txt
writing requirements to build/frontier_exploration/frontier_exploration.egg-info/requires.txt
writing top-level names to build/frontier_exploration/frontier_exploration.egg-info/top_level.txt
writing manifest file 'build/frontier_exploration/frontier_exploration.egg-info/SOURCES.txt'
reading manifest file 'build/frontier_exploration/frontier_exploration.egg-info/SOURCES.txt'
writing manifest file 'build/frontier_exploration/frontier_exploration.egg-info/SOURCES.txt'
running build
running build_py
creating /root/ros2_ws/src/AutoFrontierSearch_ros2-humble/src/frontier_exploration/build/frontier_exploration/build
creating /root/ros2_ws/src/AutoFrontierSearch_ros2-humble/src/frontier_exploration/build/frontier_exploration/build/lib
creating /root/ros2_ws/src/AutoFrontierSearch_ros2-humble/src/frontier_exploration/build/frontier_exploration/build/lib/frontier_exploration
copying frontier_exploration/algolism.py -> /root/ros2_ws/src/AutoFrontierSearch_ros2-humble/src/frontier_exploration/build/frontier_exploration/build/lib/frontier_exploration
copying frontier_exploration/__init__.py -> /root/ros2_ws/src/AutoFrontierSearch_ros2-humble/src/frontier_exploration/build/frontier_exploration/build/lib/frontier_exploration
running install
running install_lib
creating /root/ros2_ws/src/AutoFrontierSearch_ros2-humble/src/frontier_exploration/install/frontier_exploration/lib/python3.10/site-packages/frontier_exploration
copying /root/ros2_ws/src/AutoFrontierSearch_ros2-humble/src/frontier_exploration/build/frontier_exploration/build/lib/frontier_exploration/algolism.py -> /root/ros2_ws/src/AutoFrontierSearch_ros2-humble/src/frontier_exploration/install/frontier_exploration/lib/python3.10/site-packages/frontier_exploration
copying /root/ros2_ws/src/AutoFrontierSearch_ros2-humble/src/frontier_exploration/build/frontier_exploration/build/lib/frontier_exploration/__init__.py -> /root/ros2_ws/src/AutoFrontierSearch_ros2-humble/src/frontier_exploration/install/frontier_exploration/lib/python3.10/site-packages/frontier_exploration
byte-compiling /root/ros2_ws/src/AutoFrontierSearch_ros2-humble/src/frontier_exploration/install/frontier_exploration/lib/python3.10/site-packages/frontier_exploration/algolism.py to algolism.cpython-310.pyc
byte-compiling /root/ros2_ws/src/AutoFrontierSearch_ros2-humble/src/frontier_exploration/install/frontier_exploration/lib/python3.10/site-packages/frontier_exploration/__init__.py to __init__.cpython-310.pyc
running install_data
creating /root/ros2_ws/src/AutoFrontierSearch_ros2-humble/src/frontier_exploration/install/frontier_exploration/share/ament_index
creating /root/ros2_ws/src/AutoFrontierSearch_ros2-humble/src/frontier_exploration/install/frontier_exploration/share/ament_index/resource_index
creating /root/ros2_ws/src/AutoFrontierSearch_ros2-humble/src/frontier_exploration/install/frontier_exploration/share/ament_index/resource_index/packages
copying resource/frontier_exploration -> /root/ros2_ws/src/AutoFrontierSearch_ros2-humble/src/frontier_exploration/install/frontier_exploration/share/ament_index/resource_index/packages
copying package.xml -> /root/ros2_ws/src/AutoFrontierSearch_ros2-humble/src/frontier_exploration/install/frontier_exploration/share/frontier_exploration
running install_egg_info
Copying build/frontier_exploration/frontier_exploration.egg-info to /root/ros2_ws/src/AutoFrontierSearch_ros2-humble/src/frontier_exploration/install/frontier_exploration/lib/python3.10/site-packages/frontier_exploration-0.0.0-py3.10.egg-info
running install_scripts
Installing explorer script to /root/ros2_ws/src/AutoFrontierSearch_ros2-humble/src/frontier_exploration/install/frontier_exploration/lib/frontier_exploration
writing list of installed files to '/root/ros2_ws/src/AutoFrontierSearch_ros2-humble/src/frontier_exploration/build/frontier_exploration/install.log'
