[0.490s] Invoking command in '/root/ros2_ws/src/AutoFrontierSearch_ros2-humble/src/frontier_exploration': PYTHONPATH=/root/ros2_ws/src/AutoFrontierSearch_ros2-humble/src/frontier_exploration/build/frontier_exploration/prefix_override:/usr/lib/python3/dist-packages/colcon_core/task/python/colcon_distutils_commands:/root/ros2_ws/src/AutoFrontierSearch_ros2-humble/src/frontier_exploration/install/frontier_exploration/lib/python3.10/site-packages:${PYTHONPATH} /usr/bin/python3 -W ignore:setup.py install is deprecated -W ignore:easy_install command is deprecated setup.py egg_info --egg-base build/frontier_exploration build --build-base /root/ros2_ws/src/AutoFrontierSearch_ros2-humble/src/frontier_exploration/build/frontier_exploration/build install --record /root/ros2_ws/src/AutoFrontierSearch_ros2-humble/src/frontier_exploration/build/frontier_exploration/install.log --single-version-externally-managed install_data
[0.677s] running egg_info
[0.678s] creating build/frontier_exploration/frontier_exploration.egg-info
[0.678s] writing build/frontier_exploration/frontier_exploration.egg-info/PKG-INFO
[0.678s] writing dependency_links to build/frontier_exploration/frontier_exploration.egg-info/dependency_links.txt
[0.678s] writing entry points to build/frontier_exploration/frontier_exploration.egg-info/entry_points.txt
[0.678s] writing requirements to build/frontier_exploration/frontier_exploration.egg-info/requires.txt
[0.678s] writing top-level names to build/frontier_exploration/frontier_exploration.egg-info/top_level.txt
[0.678s] writing manifest file 'build/frontier_exploration/frontier_exploration.egg-info/SOURCES.txt'
[0.679s] reading manifest file 'build/frontier_exploration/frontier_exploration.egg-info/SOURCES.txt'
[0.680s] writing manifest file 'build/frontier_exploration/frontier_exploration.egg-info/SOURCES.txt'
[0.680s] running build
[0.680s] running build_py
[0.680s] creating /root/ros2_ws/src/AutoFrontierSearch_ros2-humble/src/frontier_exploration/build/frontier_exploration/build
[0.680s] creating /root/ros2_ws/src/AutoFrontierSearch_ros2-humble/src/frontier_exploration/build/frontier_exploration/build/lib
[0.681s] creating /root/ros2_ws/src/AutoFrontierSearch_ros2-humble/src/frontier_exploration/build/frontier_exploration/build/lib/frontier_exploration
[0.681s] copying frontier_exploration/algolism.py -> /root/ros2_ws/src/AutoFrontierSearch_ros2-humble/src/frontier_exploration/build/frontier_exploration/build/lib/frontier_exploration
[0.681s] copying frontier_exploration/__init__.py -> /root/ros2_ws/src/AutoFrontierSearch_ros2-humble/src/frontier_exploration/build/frontier_exploration/build/lib/frontier_exploration
[0.681s] running install
[0.681s] running install_lib
[0.681s] creating /root/ros2_ws/src/AutoFrontierSearch_ros2-humble/src/frontier_exploration/install/frontier_exploration/lib/python3.10/site-packages/frontier_exploration
[0.681s] copying /root/ros2_ws/src/AutoFrontierSearch_ros2-humble/src/frontier_exploration/build/frontier_exploration/build/lib/frontier_exploration/algolism.py -> /root/ros2_ws/src/AutoFrontierSearch_ros2-humble/src/frontier_exploration/install/frontier_exploration/lib/python3.10/site-packages/frontier_exploration
[0.681s] copying /root/ros2_ws/src/AutoFrontierSearch_ros2-humble/src/frontier_exploration/build/frontier_exploration/build/lib/frontier_exploration/__init__.py -> /root/ros2_ws/src/AutoFrontierSearch_ros2-humble/src/frontier_exploration/install/frontier_exploration/lib/python3.10/site-packages/frontier_exploration
[0.682s] byte-compiling /root/ros2_ws/src/AutoFrontierSearch_ros2-humble/src/frontier_exploration/install/frontier_exploration/lib/python3.10/site-packages/frontier_exploration/algolism.py to algolism.cpython-310.pyc
[0.683s] byte-compiling /root/ros2_ws/src/AutoFrontierSearch_ros2-humble/src/frontier_exploration/install/frontier_exploration/lib/python3.10/site-packages/frontier_exploration/__init__.py to __init__.cpython-310.pyc
[0.683s] running install_data
[0.683s] creating /root/ros2_ws/src/AutoFrontierSearch_ros2-humble/src/frontier_exploration/install/frontier_exploration/share/ament_index
[0.683s] creating /root/ros2_ws/src/AutoFrontierSearch_ros2-humble/src/frontier_exploration/install/frontier_exploration/share/ament_index/resource_index
[0.683s] creating /root/ros2_ws/src/AutoFrontierSearch_ros2-humble/src/frontier_exploration/install/frontier_exploration/share/ament_index/resource_index/packages
[0.683s] copying resource/frontier_exploration -> /root/ros2_ws/src/AutoFrontierSearch_ros2-humble/src/frontier_exploration/install/frontier_exploration/share/ament_index/resource_index/packages
[0.683s] copying package.xml -> /root/ros2_ws/src/AutoFrontierSearch_ros2-humble/src/frontier_exploration/install/frontier_exploration/share/frontier_exploration
[0.683s] running install_egg_info
[0.685s] Copying build/frontier_exploration/frontier_exploration.egg-info to /root/ros2_ws/src/AutoFrontierSearch_ros2-humble/src/frontier_exploration/install/frontier_exploration/lib/python3.10/site-packages/frontier_exploration-0.0.0-py3.10.egg-info
[0.686s] running install_scripts
[0.701s] Installing explorer script to /root/ros2_ws/src/AutoFrontierSearch_ros2-humble/src/frontier_exploration/install/frontier_exploration/lib/frontier_exploration
[0.701s] writing list of installed files to '/root/ros2_ws/src/AutoFrontierSearch_ros2-humble/src/frontier_exploration/build/frontier_exploration/install.log'
[0.715s] Invoked command in '/root/ros2_ws/src/AutoFrontierSearch_ros2-humble/src/frontier_exploration' returned '0': PYTHONPATH=/root/ros2_ws/src/AutoFrontierSearch_ros2-humble/src/frontier_exploration/build/frontier_exploration/prefix_override:/usr/lib/python3/dist-packages/colcon_core/task/python/colcon_distutils_commands:/root/ros2_ws/src/AutoFrontierSearch_ros2-humble/src/frontier_exploration/install/frontier_exploration/lib/python3.10/site-packages:${PYTHONPATH} /usr/bin/python3 -W ignore:setup.py install is deprecated -W ignore:easy_install command is deprecated setup.py egg_info --egg-base build/frontier_exploration build --build-base /root/ros2_ws/src/AutoFrontierSearch_ros2-humble/src/frontier_exploration/build/frontier_exploration/build install --record /root/ros2_ws/src/AutoFrontierSearch_ros2-humble/src/frontier_exploration/build/frontier_exploration/install.log --single-version-externally-managed install_data
